<?xml version="1.0" encoding="UTF-8"?>
<testng-results ignored="0" total="1" passed="1" failed="0" skipped="0">
  <reporter-output>
  </reporter-output>
  <suite started-at="2024-04-12T11:28:12 IST" name="Default suite" finished-at="2024-04-12T11:28:14 IST" duration-ms="1851">
    <groups>
    </groups>
    <test started-at="2024-04-12T11:28:12 IST" name="Default test" finished-at="2024-04-12T11:28:14 IST" duration-ms="1851">
      <class name="Selenium.Project">
        <test-method is-config="true" signature="setUp()[pri:0, instance:Selenium.Project@67c2e933]" started-at="2024-04-12T11:28:12 IST" name="setUp" finished-at="2024-04-12T11:28:14 IST" duration-ms="1221" status="PASS">
          <reporter-output>
          </reporter-output>
        </test-method> <!-- setUp -->
        <test-method signature="loginTest(java.lang.String,java.lang.String)[pri:0, instance:Selenium.Project@67c2e933]" started-at="2024-04-12T11:28:14 IST" name="loginTest" data-provider="credentials" finished-at="2024-04-12T11:28:14 IST" duration-ms="527" status="PASS">
          <params>
            <param index="0">
              <value>
                <![CDATA[deshmukharya61@gmail.com]]>
              </value>
            </param>
            <param index="1">
              <value>
                <![CDATA[arya@305]]>
              </value>
            </param>
          </params>
          <reporter-output>
          </reporter-output>
        </test-method> <!-- loginTest -->
        <test-method is-config="true" signature="tearDown()[pri:0, instance:Selenium.Project@67c2e933]" started-at="2024-04-12T11:28:14 IST" name="tearDown" finished-at="2024-04-12T11:28:14 IST" duration-ms="0" status="PASS">
          <reporter-output>
          </reporter-output>
        </test-method> <!-- tearDown -->
      </class> <!-- Selenium.Project -->
    </test> <!-- Default test -->
  </suite> <!-- Default suite -->
</testng-results>
